# JRE version: OpenJDK Runtime Environment (8.0_76-b03) (build 1.8.0_76-release-b03)
# Java VM: OpenJDK 64-Bit Server VM (25.76-b03 mixed mode windows-amd64 compressed oops)
Heap:
 PSYoungGen      total 445952K, used 429079K [0x00000000e0000000, 0x0000000100000000, 0x0000000100000000)
  eden space 379904K, 100% used [0x00000000e0000000,0x00000000f7300000,0x00000000f7300000)
  from space 66048K, 74% used [0x00000000fbf80000,0x00000000fef85dd0,0x0000000100000000)
  to   space 72192K, 95% used [0x00000000f7300000,0x00000000fb63c9f8,0x00000000fb980000)
 ParOldGen       total 277504K, used 42578K [0x00000000a0000000, 0x00000000b0f00000, 0x00000000e0000000)
  object space 277504K, 15% used [0x00000000a0000000,0x00000000a2994b30,0x00000000b0f00000)
 Metaspace       used 78046K, capacity 83816K, committed 84096K, reserved 1122304K
  class space    used 9832K, capacity 10570K, committed 10624K, reserved 1048576K
GC Heap History (10 events):
Event: 3522.347 GC heap after
Heap after GC invocations=68 (full 16):
 PSYoungGen      total 444928K, used 0K [0x00000000e0000000, 0x00000000ff880000, 0x0000000100000000)
  eden space 376320K, 0% used [0x00000000e0000000,0x00000000e0000000,0x00000000f6f80000)
  from space 68608K, 0% used [0x00000000fb580000,0x00000000fb580000,0x00000000ff880000)
  to   space 70144K, 0% used [0x00000000f6f80000,0x00000000f6f80000,0x00000000fb400000)
 ParOldGen       total 277504K, used 42554K [0x00000000a0000000, 0x00000000b0f00000, 0x00000000e0000000)
  object space 277504K, 15% used [0x00000000a0000000,0x00000000a298eb30,0x00000000b0f00000)
 Metaspace       used 77188K, capacity 82774K, committed 83200K, reserved 1122304K
  class space    used 9724K, capacity 10439K, committed 10496K, reserved 1048576K
}
Event: 3952.962 GC heap before
{Heap before GC invocations=69 (full 16):
 PSYoungGen      total 444928K, used 376320K [0x00000000e0000000, 0x00000000ff880000, 0x0000000100000000)
  eden space 376320K, 100% used [0x00000000e0000000,0x00000000f6f80000,0x00000000f6f80000)
  from space 68608K, 0% used [0x00000000fb580000,0x00000000fb580000,0x00000000ff880000)
  to   space 70144K, 0% used [0x00000000f6f80000,0x00000000f6f80000,0x00000000fb400000)
 ParOldGen       total 277504K, used 42554K [0x00000000a0000000, 0x00000000b0f00000, 0x00000000e0000000)
  object space 277504K, 15% used [0x00000000a0000000,0x00000000a298eb30,0x00000000b0f00000)
 Metaspace       used 77561K, capacity 83344K, committed 83584K, reserved 1122304K
  class space    used 9775K, capacity 10498K, committed 10624K, reserved 1048576K
Event: 3952.994 GC heap after
Heap after GC invocations=69 (full 16):
 PSYoungGen      total 446464K, used 15755K [0x00000000e0000000, 0x00000000ff980000, 0x0000000100000000)
  eden space 376320K, 0% used [0x00000000e0000000,0x00000000e0000000,0x00000000f6f80000)
  from space 70144K, 22% used [0x00000000f6f80000,0x00000000f7ee2d88,0x00000000fb400000)
  to   space 66048K, 0% used [0x00000000fb900000,0x00000000fb900000,0x00000000ff980000)
 ParOldGen       total 277504K, used 42562K [0x00000000a0000000, 0x00000000b0f00000, 0x00000000e0000000)
  object space 277504K, 15% used [0x00000000a0000000,0x00000000a2990b30,0x00000000b0f00000)
 Metaspace       used 77561K, capacity 83344K, committed 83584K, reserved 1122304K
  class space    used 9775K, capacity 10498K, committed 10624K, reserved 1048576K
}
Event: 3958.753 GC heap before
{Heap before GC invocations=70 (full 16):
 PSYoungGen      total 446464K, used 392075K [0x00000000e0000000, 0x00000000ff980000, 0x0000000100000000)
  eden space 376320K, 100% used [0x00000000e0000000,0x00000000f6f80000,0x00000000f6f80000)
  from space 70144K, 22% used [0x00000000f6f80000,0x00000000f7ee2d88,0x00000000fb400000)
  to   space 66048K, 0% used [0x00000000fb900000,0x00000000fb900000,0x00000000ff980000)
 ParOldGen       total 277504K, used 42562K [0x00000000a0000000, 0x00000000b0f00000, 0x00000000e0000000)
  object space 277504K, 15% used [0x00000000a0000000,0x00000000a2990b30,0x00000000b0f00000)
 Metaspace       used 78034K, capacity 83816K, committed 84096K, reserved 1122304K
  class space    used 9831K, capacity 10570K, committed 10624K, reserved 1048576K
Event: 3958.762 GC heap after
Heap after GC invocations=70 (full 16):
 PSYoungGen      total 451584K, used 7122K [0x00000000e0000000, 0x00000000ff700000, 0x0000000100000000)
  eden space 388096K, 0% used [0x00000000e0000000,0x00000000e0000000,0x00000000f7b00000)
  from space 63488K, 11% used [0x00000000fb900000,0x00000000fbff49d8,0x00000000ff700000)
  to   space 63488K, 0% used [0x00000000f7b00000,0x00000000f7b00000,0x00000000fb900000)
 ParOldGen       total 277504K, used 42570K [0x00000000a0000000, 0x00000000b0f00000, 0x00000000e0000000)
  object space 277504K, 15% used [0x00000000a0000000,0x00000000a2992b30,0x00000000b0f00000)
 Metaspace       used 78034K, capacity 83816K, committed 84096K, reserved 1122304K
  class space    used 9831K, capacity 10570K, committed 10624K, reserved 1048576K
}
Event: 3959.201 GC heap before
{Heap before GC invocations=71 (full 16):
 PSYoungGen      total 451584K, used 395218K [0x00000000e0000000, 0x00000000ff700000, 0x0000000100000000)
  eden space 388096K, 100% used [0x00000000e0000000,0x00000000f7b00000,0x00000000f7b00000)
  from space 63488K, 11% used [0x00000000fb900000,0x00000000fbff49d8,0x00000000ff700000)
  to   space 63488K, 0% used [0x00000000f7b00000,0x00000000f7b00000,0x00000000fb900000)
 ParOldGen       total 277504K, used 42570K [0x00000000a0000000, 0x00000000b0f00000, 0x00000000e0000000)
  object space 277504K, 15% used [0x00000000a0000000,0x00000000a2992b30,0x00000000b0f00000)
 Metaspace       used 78042K, capacity 83816K, committed 84096K, reserved 1122304K
  class space    used 9831K, capacity 10570K, committed 10624K, reserved 1048576K
Event: 3959.253 GC heap after
Heap after GC invocations=71 (full 16):
 PSYoungGen      total 451584K, used 37719K [0x00000000e0000000, 0x0000000100000000, 0x0000000100000000)
  eden space 388096K, 0% used [0x00000000e0000000,0x00000000e0000000,0x00000000f7b00000)
  from space 63488K, 59% used [0x00000000f7b00000,0x00000000f9fd5dc8,0x00000000fb900000)
  to   space 66048K, 0% used [0x00000000fbf80000,0x00000000fbf80000,0x0000000100000000)
 ParOldGen       total 277504K, used 42578K [0x00000000a0000000, 0x00000000b0f00000, 0x00000000e0000000)
  object space 277504K, 15% used [0x00000000a0000000,0x00000000a2994b30,0x00000000b0f00000)
 Metaspace       used 78042K, capacity 83816K, committed 84096K, reserved 1122304K
  class space    used 9831K, capacity 10570K, committed 10624K, reserved 1048576K
}
Event: 3959.565 GC heap before
{Heap before GC invocations=72 (full 16):
 PSYoungGen      total 451584K, used 425815K [0x00000000e0000000, 0x0000000100000000, 0x0000000100000000)
  eden space 388096K, 100% used [0x00000000e0000000,0x00000000f7b00000,0x00000000f7b00000)
  from space 63488K, 59% used [0x00000000f7b00000,0x00000000f9fd5dc8,0x00000000fb900000)
  to   space 66048K, 0% used [0x00000000fbf80000,0x00000000fbf80000,0x0000000100000000)
 ParOldGen       total 277504K, used 42578K [0x00000000a0000000, 0x00000000b0f00000, 0x00000000e0000000)
  object space 277504K, 15% used [0x00000000a0000000,0x00000000a2994b30,0x00000000b0f00000)
 Metaspace       used 78044K, capacity 83816K, committed 84096K, reserved 1122304K
  class space    used 9832K, capacity 10570K, committed 10624K, reserved 1048576K
Event: 3959.622 GC heap after
Heap after GC invocations=72 (full 16):
 PSYoungGen      total 445952K, used 49175K [0x00000000e0000000, 0x0000000100000000, 0x0000000100000000)
  eden space 379904K, 0% used [0x00000000e0000000,0x00000000e0000000,0x00000000f7300000)
  from space 66048K, 74% used [0x00000000fbf80000,0x00000000fef85dd0,0x0000000100000000)
  to   space 72192K, 0% used [0x00000000f7300000,0x00000000f7300000,0x00000000fb980000)
 ParOldGen       total 277504K, used 42578K [0x00000000a0000000, 0x00000000b0f00000, 0x00000000e0000000)
  object space 277504K, 15% used [0x00000000a0000000,0x00000000a2994b30,0x00000000b0f00000)
 Metaspace       used 78044K, capacity 83816K, committed 84096K, reserved 1122304K
  class space    used 9832K, capacity 10570K, committed 10624K, reserved 1048576K
}
Event: 3959.921 GC heap before
{Heap before GC invocations=73 (full 16):
 PSYoungGen      total 445952K, used 429079K [0x00000000e0000000, 0x0000000100000000, 0x0000000100000000)
  eden space 379904K, 100% used [0x00000000e0000000,0x00000000f7300000,0x00000000f7300000)
  from space 66048K, 74% used [0x00000000fbf80000,0x00000000fef85dd0,0x0000000100000000)
  to   space 72192K, 0% used [0x00000000f7300000,0x00000000f7300000,0x00000000fb980000)
 ParOldGen       total 277504K, used 42578K [0x00000000a0000000, 0x00000000b0f00000, 0x00000000e0000000)
  object space 277504K, 15% used [0x00000000a0000000,0x00000000a2994b30,0x00000000b0f00000)
 Metaspace       used 78046K, capacity 83816K, committed 84096K, reserved 1122304K
  class space    used 9832K, capacity 10570K, committed 10624K, reserved 1048576K

